[0.028s] Invoking command in '/root/Image_transport/src/image_publisher_subscriber/build/image_publisher_subscriber': CMAKE_PREFIX_PATH=${CMAKE_PREFIX_PATH}:/opt/ros/foxy /usr/bin/cmake --build /root/Image_transport/src/image_publisher_subscriber/build/image_publisher_subscriber -- -j8 -l8
[0.142s] [35m[1mScanning dependencies of target sub_node[0m
[0.206s] [ 50%] Built target pub_node
[0.242s] [ 75%] [32mBuilding CXX object CMakeFiles/sub_node.dir/src/sub_node.cpp.o[0m
[3.189s] [01m[K/root/Image_transport/src/image_publisher_subscriber/src/sub_node.cpp:[m[K In constructor â€˜[01m[KYoloBridgeSubscriber::YoloBridgeSubscriber()[m[Kâ€™:
[3.189s] [01m[K/root/Image_transport/src/image_publisher_subscriber/src/sub_node.cpp:20:2:[m[K [01;31m[Kerror: [m[Kâ€˜[01m[Kchdir[m[Kâ€™ was not declared in this scope
[3.190s]    20 |  [01;31m[Kchdir[m[K("/root/Image_transport/src/image_publisher_subscriber/src/");
[3.190s]       |  [01;31m[K^~~~~[m[K
[5.771s] make[2]: *** [CMakeFiles/sub_node.dir/build.make:63: CMakeFiles/sub_node.dir/src/sub_node.cpp.o] Error 1
[5.771s] make[1]: *** [CMakeFiles/Makefile2:80: CMakeFiles/sub_node.dir/all] Error 2
[5.772s] make: *** [Makefile:141: all] Error 2
[5.777s] Invoked command in '/root/Image_transport/src/image_publisher_subscriber/build/image_publisher_subscriber' returned '2': CMAKE_PREFIX_PATH=${CMAKE_PREFIX_PATH}:/opt/ros/foxy /usr/bin/cmake --build /root/Image_transport/src/image_publisher_subscriber/build/image_publisher_subscriber -- -j8 -l8
